<?xml version="1.0" encoding="UTF-8"?>
<!-- Generated by org.testng.reporters.JUnitReportReporter -->
<testsuite hostname="BLR-P7112490LP" failures="3" tests="3" name="com.cmccarthy.ui.WikipediaParallelRunnerTest" time="31.144" errors="0" timestamp="2022-09-02T15:39:16 IST" skipped="0">
  <testcase classname="com.cmccarthy.ui.WikipediaParallelRunnerTest" name="runScenario" time="10.374">
    <failure message="Wikipedia Homepage should be opened" type="java.lang.AssertionError">
      <![CDATA[java.lang.AssertionError: Wikipedia Homepage should be opened
at org.junit.Assert.fail(Assert.java:89)
at org.junit.Assert.assertTrue(Assert.java:42)
at com.cmccarthy.ui.step.WikipediaPageSteps.userIsOpenMainPage(WikipediaPageSteps.java:32)
at ✽.The user opened the Wikipedia Homepage(file:///C:/Users/p7112490/git/spring-cucumber-testng-parallel-test-harness/wikipedia/src/test/resources/feature/WikipediaTest.feature:10)
]]>
    </failure>
  </testcase> <!-- runScenario -->
  <system-out/>
  <testcase classname="com.cmccarthy.ui.WikipediaParallelRunnerTest" name="runScenario" time="10.393">
    <failure message="Wikipedia Homepage should be opened" type="java.lang.AssertionError">
      <![CDATA[java.lang.AssertionError: Wikipedia Homepage should be opened
at org.junit.Assert.fail(Assert.java:89)
at org.junit.Assert.assertTrue(Assert.java:42)
at com.cmccarthy.ui.step.WikipediaPageSteps.userIsOpenMainPage(WikipediaPageSteps.java:32)
at ✽.The user opened the Wikipedia Homepage(file:///C:/Users/p7112490/git/spring-cucumber-testng-parallel-test-harness/wikipedia/src/test/resources/feature/WikipediaTest2.feature:5)
]]>
    </failure>
  </testcase> <!-- runScenario -->
  <system-out/>
  <testcase classname="com.cmccarthy.ui.WikipediaParallelRunnerTest" name="runScenario" time="10.377">
    <failure message="Wikipedia Homepage should be opened" type="java.lang.AssertionError">
      <![CDATA[java.lang.AssertionError: Wikipedia Homepage should be opened
at org.junit.Assert.fail(Assert.java:89)
at org.junit.Assert.assertTrue(Assert.java:42)
at com.cmccarthy.ui.step.WikipediaPageSteps.userIsOpenMainPage(WikipediaPageSteps.java:32)
at ✽.The user opened the Wikipedia Homepage(file:///C:/Users/p7112490/git/spring-cucumber-testng-parallel-test-harness/wikipedia/src/test/resources/feature/WikipediaTest.feature:5)
]]>
    </failure>
  </testcase> <!-- runScenario -->
  <system-out/>
</testsuite> <!-- com.cmccarthy.ui.WikipediaParallelRunnerTest -->
